<?xml version="1.0" encoding="UTF-8"?>
<Site BuildName="(empty)"
	BuildStamp="20240410-1248-Experimental"
	Name="(empty)"
	Generator="ctest-3.22.1"
	CompilerName=""
	CompilerVersion=""
	OSName="Linux"
	Hostname="LAPTOP-2K5OG641"
	OSRelease="5.15.146.1-microsoft-standard-WSL2"
	OSVersion="#1 SMP Thu Jan 11 04:09:03 UTC 2024"
	OSPlatform="x86_64"
	Is64Bits="1"
	VendorString="GenuineIntel"
	VendorID="Intel Corporation"
	FamilyID="6"
	ModelID="183"
	ProcessorCacheSize="36864"
	NumberOfLogicalCPU="32"
	NumberOfPhysicalCPU="16"
	TotalVirtualMemory="2048"
	TotalPhysicalMemory="7749"
	LogicalProcessorsPerPhysical="2"
	ProcessorClockFrequency="2419.2"
	>
	<Testing>
		<StartDateTime>Apr 10 20:48 CST</StartDateTime>
		<StartTestTime>1712753290</StartTestTime>
		<TestList/>
		<EndDateTime>Apr 10 20:48 CST</EndDateTime>
		<EndTestTime>1712753290</EndTestTime>
		<ElapsedMinutes>0</ElapsedMinutes>
	</Testing>
</Site>
